0 info it worked if it ends with ok
1 verbose cli [ 'C:\\Program Files (x86)\\nodejs\\node.exe',
1 verbose cli   'C:\\Program Files (x86)\\nodejs\\node_modules\\npm\\bin\\npm-cli.js',
1 verbose cli   'adduser' ]
2 info using npm@3.10.10
3 info using node@v6.10.2
4 verbose adduser before first PUT { _id: 'org.couchdb.user:quentinsup',
4 verbose adduser   name: 'quentinsup',
4 verbose adduser   password: 'XXXXX',
4 verbose adduser   email: 'qsupernant@clevertech-it.fr',
4 verbose adduser   type: 'user',
4 verbose adduser   roles: [],
4 verbose adduser   date: '2018-11-26T15:56:15.558Z' }
5 verbose request uri http://ttp10-nxus.ca-technologies.fr:8081/nxus/content/repositories/npmjs/-/user/org.couchdb.user:quentinsup
6 verbose request new user, so can't send auth
7 info attempt registry request try #1 at 16:56:15
8 verbose request id fb137a44e4bdb0d2
9 http request PUT http://ttp10-nxus.ca-technologies.fr:8081/nxus/content/repositories/npmjs/-/user/org.couchdb.user:quentinsup
10 http 401 http://ttp10-nxus.ca-technologies.fr:8081/nxus/content/repositories/npmjs/-/user/org.couchdb.user:quentinsup
11 verbose headers { date: 'Mon, 26 Nov 2018 15:56:15 GMT',
11 verbose headers   server: 'Nexus/2.14.5-02',
11 verbose headers   'x-frame-options': 'SAMEORIGIN',
11 verbose headers   'x-content-type-options': 'nosniff',
11 verbose headers   'www-authenticate': 'BASIC realm="Sonatype Nexus Repository Manager"',
11 verbose headers   'content-length': '0' }
12 verbose request invalidating C:\Users\ETP3433\AppData\Roaming\npm-cache\ttp10-nxus.ca-technologies.fr_8081\nxus\content\repositories\npmjs\-\user\org.couchdb.user_3Aquentinsup on PUT
13 verbose adduser back [ { Error: 401 Unauthorized
13 verbose adduser       at makeError (C:\Program Files (x86)\nodejs\node_modules\npm\node_modules\npm-registry-client\lib\request.js:302:12)
13 verbose adduser       at CachingRegistryClient.<anonymous> (C:\Program Files (x86)\nodejs\node_modules\npm\node_modules\npm-registry-client\lib\request.js:253:9)
13 verbose adduser       at Request._callback (C:\Program Files (x86)\nodejs\node_modules\npm\node_modules\npm-registry-client\lib\request.js:210:14)
13 verbose adduser       at Request.self.callback (C:\Program Files (x86)\nodejs\node_modules\npm\node_modules\request\request.js:187:22)
13 verbose adduser       at emitTwo (events.js:106:13)
13 verbose adduser       at Request.emit (events.js:191:7)
13 verbose adduser       at Request.<anonymous> (C:\Program Files (x86)\nodejs\node_modules\npm\node_modules\request\request.js:1048:10)
13 verbose adduser       at emitOne (events.js:96:13)
13 verbose adduser       at Request.emit (events.js:188:7)
13 verbose adduser       at IncomingMessage.<anonymous> (C:\Program Files (x86)\nodejs\node_modules\npm\node_modules\request\request.js:969:12) statusCode: 401, code: 'E401' },
13 verbose adduser   null,
13 verbose adduser   undefined ]
14 warn adduser Incorrect username or password
14 warn adduser You can reset your account by visiting:
14 warn adduser
14 warn adduser     https://npmjs.org/forgot
15 verbose stack Error: 401 Unauthorized
15 verbose stack     at makeError (C:\Program Files (x86)\nodejs\node_modules\npm\node_modules\npm-registry-client\lib\request.js:302:12)
15 verbose stack     at CachingRegistryClient.<anonymous> (C:\Program Files (x86)\nodejs\node_modules\npm\node_modules\npm-registry-client\lib\request.js:253:9)
15 verbose stack     at Request._callback (C:\Program Files (x86)\nodejs\node_modules\npm\node_modules\npm-registry-client\lib\request.js:210:14)
15 verbose stack     at Request.self.callback (C:\Program Files (x86)\nodejs\node_modules\npm\node_modules\request\request.js:187:22)
15 verbose stack     at emitTwo (events.js:106:13)
15 verbose stack     at Request.emit (events.js:191:7)
15 verbose stack     at Request.<anonymous> (C:\Program Files (x86)\nodejs\node_modules\npm\node_modules\request\request.js:1048:10)
15 verbose stack     at emitOne (events.js:96:13)
15 verbose stack     at Request.emit (events.js:188:7)
15 verbose stack     at IncomingMessage.<anonymous> (C:\Program Files (x86)\nodejs\node_modules\npm\node_modules\request\request.js:969:12)
16 verbose statusCode 401
17 verbose cwd C:\Users\ETP3433\git\KnockIT\v0.3.0
18 error Windows_NT 6.1.7601
19 error argv "C:\\Program Files (x86)\\nodejs\\node.exe" "C:\\Program Files (x86)\\nodejs\\node_modules\\npm\\bin\\npm-cli.js" "adduser"
20 error node v6.10.2
21 error npm  v3.10.10
22 error code E401
23 error 401 Unauthorized
24 error If you need help, you may report this error at:
24 error     <https://github.com/npm/npm/issues>
25 verbose exit [ 1, true ]
